Configuration saved to results/0_train_phase_diagram/L4_G0.7/config.json
Using device: cuda
Creating datasets...
Train dataset size: 300000
Eval dataset size: 1800
Creating model: MambaForComposite
Model parameters: 129,184

Starting training for 200 epochs...
Epoch 1/200 | Loss: 4.6407 | LR: 0.000010
Epoch 2/200 | Loss: 4.6372 | LR: 0.000034
Epoch 3/200 | Loss: 4.6302 | LR: 0.000058
Epoch 4/200 | Loss: 4.6173 | LR: 0.000082
Epoch 5/200 | Loss: 4.5700 | LR: 0.000106
Epoch 6/200 | Loss: 4.5284 | LR: 0.000130
Epoch 7/200 | Loss: 4.4030 | LR: 0.000154
Epoch 8/200 | Loss: 3.7541 | LR: 0.000178
Epoch 9/200 | Loss: 3.3698 | LR: 0.000202
Epoch 10/200 | Loss: 3.1057 | Comp Acc: 0.1994 (best: 0.1994@10) | Sym Acc: 0.0200 (best: 0.0200@10) | LR: 0.000226
Epoch 11/200 | Loss: 2.9014 | LR: 0.000250
Epoch 12/200 | Loss: 2.7433 | LR: 0.000250
Epoch 13/200 | Loss: 2.6232 | LR: 0.000250
Epoch 14/200 | Loss: 2.5246 | LR: 0.000250
Epoch 15/200 | Loss: 2.4471 | LR: 0.000250
Epoch 16/200 | Loss: 2.3722 | LR: 0.000250
Epoch 17/200 | Loss: 2.3096 | LR: 0.000249
Epoch 18/200 | Loss: 2.2416 | LR: 0.000249
Epoch 19/200 | Loss: 2.1864 | LR: 0.000249
Epoch 20/200 | Loss: 2.1317 | Comp Acc: 0.2239 (best: 0.2239@20) | Sym Acc: 0.0150 (best: 0.0200@10) | LR: 0.000249
Epoch 21/200 | Loss: 2.0856 | LR: 0.000248
Epoch 22/200 | Loss: 2.0376 | LR: 0.000248
Epoch 23/200 | Loss: 1.9963 | LR: 0.000248
Epoch 24/200 | Loss: 1.9487 | LR: 0.000247
Epoch 25/200 | Loss: 1.9043 | LR: 0.000247
Epoch 26/200 | Loss: 1.8663 | LR: 0.000246
Epoch 27/200 | Loss: 1.8300 | LR: 0.000246
Epoch 28/200 | Loss: 1.7949 | LR: 0.000245
Epoch 29/200 | Loss: 1.7534 | LR: 0.000245
Epoch 30/200 | Loss: 1.7138 | Comp Acc: 0.5067 (best: 0.5067@30) | Sym Acc: 0.0006 (best: 0.0200@10) | LR: 0.000244
Epoch 31/200 | Loss: 1.6741 | LR: 0.000243
Epoch 32/200 | Loss: 1.6411 | LR: 0.000243
Epoch 33/200 | Loss: 1.6025 | LR: 0.000242
Epoch 34/200 | Loss: 1.5700 | LR: 0.000241
Epoch 35/200 | Loss: 1.5302 | LR: 0.000241
Epoch 36/200 | Loss: 1.4984 | LR: 0.000240
Epoch 37/200 | Loss: 1.4710 | LR: 0.000239
Epoch 38/200 | Loss: 1.4357 | LR: 0.000238
Epoch 39/200 | Loss: 1.4026 | LR: 0.000237
Epoch 40/200 | Loss: 1.3666 | Comp Acc: 0.4156 (best: 0.5067@30) | Sym Acc: 0.0161 (best: 0.0200@10) | LR: 0.000236
Epoch 41/200 | Loss: 1.3460 | LR: 0.000236
Epoch 42/200 | Loss: 1.3071 | LR: 0.000235
Epoch 43/200 | Loss: 1.2821 | LR: 0.000234
Epoch 44/200 | Loss: 1.2549 | LR: 0.000233
Epoch 45/200 | Loss: 1.2240 | LR: 0.000232
Epoch 46/200 | Loss: 1.2004 | LR: 0.000230
Epoch 47/200 | Loss: 1.1741 | LR: 0.000229
Epoch 48/200 | Loss: 1.1435 | LR: 0.000228
Epoch 49/200 | Loss: 1.1179 | LR: 0.000227
Epoch 50/200 | Loss: 1.0869 | Comp Acc: 0.4383 (best: 0.5067@30) | Sym Acc: 0.0161 (best: 0.0200@10) | LR: 0.000226
Epoch 51/200 | Loss: 1.0685 | LR: 0.000225
Epoch 52/200 | Loss: 1.0390 | LR: 0.000223
Epoch 53/200 | Loss: 1.0138 | LR: 0.000222
Epoch 54/200 | Loss: 0.9821 | LR: 0.000221
Epoch 55/200 | Loss: 0.9558 | LR: 0.000220
Epoch 56/200 | Loss: 0.9301 | LR: 0.000218
Epoch 57/200 | Loss: 0.9292 | LR: 0.000217
Epoch 58/200 | Loss: 0.8715 | LR: 0.000216
Epoch 59/200 | Loss: 0.8286 | LR: 0.000214
Epoch 60/200 | Loss: 0.7907 | Comp Acc: 0.3872 (best: 0.5067@30) | Sym Acc: 0.0050 (best: 0.0200@10) | LR: 0.000213
Epoch 61/200 | Loss: 0.7526 | LR: 0.000211
Epoch 62/200 | Loss: 0.7265 | LR: 0.000210
Epoch 63/200 | Loss: 0.6838 | LR: 0.000208
Epoch 64/200 | Loss: 0.6451 | LR: 0.000207
Epoch 65/200 | Loss: 0.6044 | LR: 0.000205
Epoch 66/200 | Loss: 0.5543 | LR: 0.000204
Epoch 67/200 | Loss: 0.5190 | LR: 0.000202
Epoch 68/200 | Loss: 0.4827 | LR: 0.000201
Epoch 69/200 | Loss: 0.4266 | LR: 0.000199
Epoch 70/200 | Loss: 0.3832 | Comp Acc: 0.3561 (best: 0.5067@30) | Sym Acc: 0.0000 (best: 0.0200@10) | LR: 0.000197
Epoch 71/200 | Loss: 0.3554 | LR: 0.000196
Epoch 72/200 | Loss: 0.3122 | LR: 0.000194
Epoch 73/200 | Loss: 0.2737 | LR: 0.000192
Epoch 74/200 | Loss: 0.2475 | LR: 0.000191
Epoch 75/200 | Loss: 0.2228 | LR: 0.000189
Epoch 76/200 | Loss: 0.1996 | LR: 0.000187
Epoch 77/200 | Loss: 0.1764 | LR: 0.000185
Epoch 78/200 | Loss: 0.1587 | LR: 0.000184
Epoch 79/200 | Loss: 0.1475 | LR: 0.000182
Epoch 80/200 | Loss: 0.1389 | Comp Acc: 0.5122 (best: 0.5122@80) | Sym Acc: 0.0000 (best: 0.0200@10) | LR: 0.000180
Epoch 81/200 | Loss: 0.1315 | LR: 0.000178
Epoch 82/200 | Loss: 0.1211 | LR: 0.000176
Epoch 83/200 | Loss: 0.1130 | LR: 0.000175
Epoch 84/200 | Loss: 0.1057 | LR: 0.000173
Epoch 85/200 | Loss: 0.1005 | LR: 0.000171
Epoch 86/200 | Loss: 0.0954 | LR: 0.000169
Epoch 87/200 | Loss: 0.0931 | LR: 0.000167
Epoch 88/200 | Loss: 0.0911 | LR: 0.000165
Epoch 89/200 | Loss: 0.0847 | LR: 0.000163
Epoch 90/200 | Loss: 0.0788 | Comp Acc: 0.6733 (best: 0.6733@90) | Sym Acc: 0.0011 (best: 0.0200@10) | LR: 0.000161
Epoch 91/200 | Loss: 0.0739 | LR: 0.000159
Epoch 92/200 | Loss: 0.0717 | LR: 0.000158
Epoch 93/200 | Loss: 0.0670 | LR: 0.000156
Epoch 94/200 | Loss: 0.0650 | LR: 0.000154
Epoch 95/200 | Loss: 0.0618 | LR: 0.000152
Epoch 96/200 | Loss: 0.0596 | LR: 0.000150
Epoch 97/200 | Loss: 0.0577 | LR: 0.000148
Epoch 98/200 | Loss: 0.0545 | LR: 0.000146
Epoch 99/200 | Loss: 0.0530 | LR: 0.000144
Epoch 100/200 | Loss: 0.0501 | Comp Acc: 0.7589 (best: 0.7589@100) | Sym Acc: 0.0000 (best: 0.0200@10) | LR: 0.000142
Epoch 101/200 | Loss: 0.0484 | LR: 0.000140
Epoch 102/200 | Loss: 0.0490 | LR: 0.000138
Epoch 103/200 | Loss: 0.0451 | LR: 0.000136
Epoch 104/200 | Loss: 0.0431 | LR: 0.000134
Epoch 105/200 | Loss: 0.0419 | LR: 0.000132
Epoch 106/200 | Loss: 0.0400 | LR: 0.000130
Epoch 107/200 | Loss: 0.0388 | LR: 0.000128
Epoch 108/200 | Loss: 0.0371 | LR: 0.000126
Epoch 109/200 | Loss: 0.0359 | LR: 0.000124
Epoch 110/200 | Loss: 0.0349 | Comp Acc: 0.6356 (best: 0.7589@100) | Sym Acc: 0.0200 (best: 0.0200@10) | LR: 0.000122
Epoch 111/200 | Loss: 0.0341 | LR: 0.000120
Epoch 112/200 | Loss: 0.0326 | LR: 0.000118
Epoch 113/200 | Loss: 0.0314 | LR: 0.000116
Epoch 114/200 | Loss: 0.0306 | LR: 0.000114
Epoch 115/200 | Loss: 0.0295 | LR: 0.000112
Epoch 116/200 | Loss: 0.0289 | LR: 0.000110
Epoch 117/200 | Loss: 0.0280 | LR: 0.000108
Epoch 118/200 | Loss: 0.0274 | LR: 0.000106
Epoch 119/200 | Loss: 0.0264 | LR: 0.000104
Epoch 120/200 | Loss: 0.0254 | Comp Acc: 0.5811 (best: 0.7589@100) | Sym Acc: 0.0178 (best: 0.0200@10) | LR: 0.000102
Epoch 121/200 | Loss: 0.0247 | LR: 0.000101
Epoch 122/200 | Loss: 0.0238 | LR: 0.000099
Epoch 123/200 | Loss: 0.0231 | LR: 0.000097
Epoch 124/200 | Loss: 0.0225 | LR: 0.000095
Epoch 125/200 | Loss: 0.0219 | LR: 0.000093
Epoch 126/200 | Loss: 0.0214 | LR: 0.000091
Epoch 127/200 | Loss: 0.0208 | LR: 0.000089
Epoch 128/200 | Loss: 0.0201 | LR: 0.000087
Epoch 129/200 | Loss: 0.0197 | LR: 0.000085
Epoch 130/200 | Loss: 0.0192 | Comp Acc: 0.4678 (best: 0.7589@100) | Sym Acc: 0.0256 (best: 0.0256@130) | LR: 0.000084
Epoch 131/200 | Loss: 0.0188 | LR: 0.000082
Epoch 132/200 | Loss: 0.0184 | LR: 0.000080
Epoch 133/200 | Loss: 0.0180 | LR: 0.000078
Epoch 134/200 | Loss: 0.0176 | LR: 0.000076
Epoch 135/200 | Loss: 0.0173 | LR: 0.000075
Epoch 136/200 | Loss: 0.0168 | LR: 0.000073
Epoch 137/200 | Loss: 0.0166 | LR: 0.000071
Epoch 138/200 | Loss: 0.0162 | LR: 0.000069
Epoch 139/200 | Loss: 0.0159 | LR: 0.000068
Epoch 140/200 | Loss: 0.0157 | Comp Acc: 0.4722 (best: 0.7589@100) | Sym Acc: 0.0172 (best: 0.0256@130) | LR: 0.000066
Epoch 141/200 | Loss: 0.0153 | LR: 0.000064
Epoch 142/200 | Loss: 0.0150 | LR: 0.000063
Epoch 143/200 | Loss: 0.0149 | LR: 0.000061
Epoch 144/200 | Loss: 0.0146 | LR: 0.000059
Epoch 145/200 | Loss: 0.0143 | LR: 0.000058
Epoch 146/200 | Loss: 0.0141 | LR: 0.000056
Epoch 147/200 | Loss: 0.0138 | LR: 0.000055
Epoch 148/200 | Loss: 0.0137 | LR: 0.000053
Epoch 149/200 | Loss: 0.0134 | LR: 0.000052
Epoch 150/200 | Loss: 0.0132 | Comp Acc: 0.3006 (best: 0.7589@100) | Sym Acc: 0.0400 (best: 0.0400@150) | LR: 0.000050
Epoch 151/200 | Loss: 0.0131 | LR: 0.000049
Epoch 152/200 | Loss: 0.0130 | LR: 0.000047
Epoch 153/200 | Loss: 0.0127 | LR: 0.000046
Epoch 154/200 | Loss: 0.0125 | LR: 0.000044
Epoch 155/200 | Loss: 0.0124 | LR: 0.000043
Epoch 156/200 | Loss: 0.0122 | LR: 0.000042
Epoch 157/200 | Loss: 0.0121 | LR: 0.000040
Epoch 158/200 | Loss: 0.0120 | LR: 0.000039
Epoch 159/200 | Loss: 0.0119 | LR: 0.000038
Epoch 160/200 | Loss: 0.0117 | Comp Acc: 0.3017 (best: 0.7589@100) | Sym Acc: 0.0350 (best: 0.0400@150) | LR: 0.000037
Epoch 161/200 | Loss: 0.0116 | LR: 0.000035
Epoch 162/200 | Loss: 0.0115 | LR: 0.000034
Epoch 163/200 | Loss: 0.0114 | LR: 0.000033
Epoch 164/200 | Loss: 0.0114 | LR: 0.000032
Epoch 165/200 | Loss: 0.0112 | LR: 0.000031
Epoch 166/200 | Loss: 0.0111 | LR: 0.000030
Epoch 167/200 | Loss: 0.0110 | LR: 0.000028
Epoch 168/200 | Loss: 0.0109 | LR: 0.000027
Epoch 169/200 | Loss: 0.0108 | LR: 0.000026
Epoch 170/200 | Loss: 0.0108 | Comp Acc: 0.3128 (best: 0.7589@100) | Sym Acc: 0.0350 (best: 0.0400@150) | LR: 0.000025
Epoch 171/200 | Loss: 0.0107 | LR: 0.000024
Epoch 172/200 | Loss: 0.0106 | LR: 0.000024
Epoch 173/200 | Loss: 0.0105 | LR: 0.000023
Epoch 174/200 | Loss: 0.0104 | LR: 0.000022
Epoch 175/200 | Loss: 0.0104 | LR: 0.000021
Epoch 176/200 | Loss: 0.0103 | LR: 0.000020
Epoch 177/200 | Loss: 0.0103 | LR: 0.000019
Epoch 178/200 | Loss: 0.0102 | LR: 0.000019
Epoch 179/200 | Loss: 0.0102 | LR: 0.000018
Epoch 180/200 | Loss: 0.0101 | Comp Acc: 0.2789 (best: 0.7589@100) | Sym Acc: 0.0444 (best: 0.0444@180) | LR: 0.000017
Epoch 181/200 | Loss: 0.0101 | LR: 0.000017
Epoch 182/200 | Loss: 0.0100 | LR: 0.000016
Epoch 183/200 | Loss: 0.0100 | LR: 0.000015
Epoch 184/200 | Loss: 0.0099 | LR: 0.000015
Epoch 185/200 | Loss: 0.0099 | LR: 0.000014
Epoch 186/200 | Loss: 0.0098 | LR: 0.000014
Epoch 187/200 | Loss: 0.0098 | LR: 0.000013
Epoch 188/200 | Loss: 0.0098 | LR: 0.000013
Epoch 189/200 | Loss: 0.0097 | LR: 0.000012
Epoch 190/200 | Loss: 0.0097 | Comp Acc: 0.2700 (best: 0.7589@100) | Sym Acc: 0.0472 (best: 0.0472@190) | LR: 0.000012
Epoch 191/200 | Loss: 0.0097 | LR: 0.000012
Epoch 192/200 | Loss: 0.0097 | LR: 0.000011
Epoch 193/200 | Loss: 0.0096 | LR: 0.000011
Epoch 194/200 | Loss: 0.0097 | LR: 0.000011
Epoch 195/200 | Loss: 0.0096 | LR: 0.000011
Epoch 196/200 | Loss: 0.0096 | LR: 0.000010
Epoch 197/200 | Loss: 0.0095 | LR: 0.000010
Epoch 198/200 | Loss: 0.0095 | LR: 0.000010
Epoch 199/200 | Loss: 0.0095 | LR: 0.000010
Epoch 200/200 | Loss: 0.0094 | Comp Acc: 0.2856 (best: 0.7589@100) | Sym Acc: 0.0411 (best: 0.0472@190) | LR: 0.000010

Training finished at epoch 200.
Best Composite Accuracy: 0.7589 (epoch 100)
Best Symmetric Accuracy: 0.0472 (epoch 190)
Metrics saved to results/0_train_phase_diagram/L4_G0.7/metrics.json

Training completed successfully!
