Configuration saved to results/0_train_phase_diagram/L2_G1.0/config.json
Using device: cuda
Creating datasets...
Train dataset size: 300000
Eval dataset size: 1800
Creating model: MambaForComposite
Model parameters: 66,272

Starting training for 200 epochs...
Epoch 1/200 | Loss: 4.6065 | LR: 0.000010
Epoch 2/200 | Loss: 4.6050 | LR: 0.000034
Epoch 3/200 | Loss: 4.5970 | LR: 0.000058
Epoch 4/200 | Loss: 4.5662 | LR: 0.000082
Epoch 5/200 | Loss: 4.5232 | LR: 0.000106
Epoch 6/200 | Loss: 4.5007 | LR: 0.000130
Epoch 7/200 | Loss: 4.4644 | LR: 0.000154
Epoch 8/200 | Loss: 4.0214 | LR: 0.000178
Epoch 9/200 | Loss: 3.5066 | LR: 0.000202
Epoch 10/200 | Loss: 3.3418 | Comp Acc: 0.1406 (best: 0.1406@10) | Sym Acc: 0.0383 (best: 0.0383@10) | LR: 0.000226
Epoch 11/200 | Loss: 3.2435 | LR: 0.000250
Epoch 12/200 | Loss: 3.1615 | LR: 0.000250
Epoch 13/200 | Loss: 3.1022 | LR: 0.000250
Epoch 14/200 | Loss: 3.0745 | LR: 0.000250
Epoch 15/200 | Loss: 3.0419 | LR: 0.000250
Epoch 16/200 | Loss: 2.9846 | LR: 0.000250
Epoch 17/200 | Loss: 2.9438 | LR: 0.000249
Epoch 18/200 | Loss: 2.8958 | LR: 0.000249
Epoch 19/200 | Loss: 2.8268 | LR: 0.000249
Epoch 20/200 | Loss: 2.7422 | Comp Acc: 0.2028 (best: 0.2028@20) | Sym Acc: 0.0311 (best: 0.0383@10) | LR: 0.000249
Epoch 21/200 | Loss: 2.6877 | LR: 0.000248
Epoch 22/200 | Loss: 2.6423 | LR: 0.000248
Epoch 23/200 | Loss: 2.5778 | LR: 0.000248
Epoch 24/200 | Loss: 2.5319 | LR: 0.000247
Epoch 25/200 | Loss: 2.4825 | LR: 0.000247
Epoch 26/200 | Loss: 2.4424 | LR: 0.000246
Epoch 27/200 | Loss: 2.4173 | LR: 0.000246
Epoch 28/200 | Loss: 2.3888 | LR: 0.000245
Epoch 29/200 | Loss: 2.3607 | LR: 0.000245
Epoch 30/200 | Loss: 2.3295 | Comp Acc: 0.2456 (best: 0.2456@30) | Sym Acc: 0.0244 (best: 0.0383@10) | LR: 0.000244
Epoch 31/200 | Loss: 2.3118 | LR: 0.000243
Epoch 32/200 | Loss: 2.2861 | LR: 0.000243
Epoch 33/200 | Loss: 2.2584 | LR: 0.000242
Epoch 34/200 | Loss: 2.2445 | LR: 0.000241
Epoch 35/200 | Loss: 2.2279 | LR: 0.000241
Epoch 36/200 | Loss: 2.2041 | LR: 0.000240
Epoch 37/200 | Loss: 2.1864 | LR: 0.000239
Epoch 38/200 | Loss: 2.1665 | LR: 0.000238
Epoch 39/200 | Loss: 2.1370 | LR: 0.000237
Epoch 40/200 | Loss: 2.1102 | Comp Acc: 0.2567 (best: 0.2567@40) | Sym Acc: 0.0150 (best: 0.0383@10) | LR: 0.000236
Epoch 41/200 | Loss: 2.0876 | LR: 0.000236
Epoch 42/200 | Loss: 2.0763 | LR: 0.000235
Epoch 43/200 | Loss: 2.0511 | LR: 0.000234
Epoch 44/200 | Loss: 2.0370 | LR: 0.000233
Epoch 45/200 | Loss: 2.0120 | LR: 0.000232
Epoch 46/200 | Loss: 2.0151 | LR: 0.000230
Epoch 47/200 | Loss: 1.9789 | LR: 0.000229
Epoch 48/200 | Loss: 1.9399 | LR: 0.000228
Epoch 49/200 | Loss: 1.9187 | LR: 0.000227
Epoch 50/200 | Loss: 1.8968 | Comp Acc: 0.3217 (best: 0.3217@50) | Sym Acc: 0.0178 (best: 0.0383@10) | LR: 0.000226
Epoch 51/200 | Loss: 1.8956 | LR: 0.000225
Epoch 52/200 | Loss: 1.8659 | LR: 0.000223
Epoch 53/200 | Loss: 1.8402 | LR: 0.000222
Epoch 54/200 | Loss: 1.8223 | LR: 0.000221
Epoch 55/200 | Loss: 1.7984 | LR: 0.000220
Epoch 56/200 | Loss: 1.7730 | LR: 0.000218
Epoch 57/200 | Loss: 1.7501 | LR: 0.000217
Epoch 58/200 | Loss: 1.7228 | LR: 0.000216
Epoch 59/200 | Loss: 1.7012 | LR: 0.000214
Epoch 60/200 | Loss: 1.6586 | Comp Acc: 0.1828 (best: 0.3217@50) | Sym Acc: 0.0089 (best: 0.0383@10) | LR: 0.000213
Epoch 61/200 | Loss: 1.6332 | LR: 0.000211
Epoch 62/200 | Loss: 1.6033 | LR: 0.000210
Epoch 63/200 | Loss: 1.5816 | LR: 0.000208
Epoch 64/200 | Loss: 1.5677 | LR: 0.000207
Epoch 65/200 | Loss: 1.5358 | LR: 0.000205
Epoch 66/200 | Loss: 1.5103 | LR: 0.000204
Epoch 67/200 | Loss: 1.4955 | LR: 0.000202
Epoch 68/200 | Loss: 1.4779 | LR: 0.000201
Epoch 69/200 | Loss: 1.4567 | LR: 0.000199
Epoch 70/200 | Loss: 1.4228 | Comp Acc: 0.3183 (best: 0.3217@50) | Sym Acc: 0.0011 (best: 0.0383@10) | LR: 0.000197
Epoch 71/200 | Loss: 1.3944 | LR: 0.000196
Epoch 72/200 | Loss: 1.3661 | LR: 0.000194
Epoch 73/200 | Loss: 1.3374 | LR: 0.000192
Epoch 74/200 | Loss: 1.3188 | LR: 0.000191
Epoch 75/200 | Loss: 1.3009 | LR: 0.000189
Epoch 76/200 | Loss: 1.2656 | LR: 0.000187
Epoch 77/200 | Loss: 1.2492 | LR: 0.000185
Epoch 78/200 | Loss: 1.1952 | LR: 0.000184
Epoch 79/200 | Loss: 1.1756 | LR: 0.000182
Epoch 80/200 | Loss: 1.1231 | Comp Acc: 0.6044 (best: 0.6044@80) | Sym Acc: 0.0272 (best: 0.0383@10) | LR: 0.000180
Epoch 81/200 | Loss: 1.0895 | LR: 0.000178
Epoch 82/200 | Loss: 1.0651 | LR: 0.000176
Epoch 83/200 | Loss: 1.0303 | LR: 0.000175
Epoch 84/200 | Loss: 1.0089 | LR: 0.000173
Epoch 85/200 | Loss: 0.9912 | LR: 0.000171
Epoch 86/200 | Loss: 0.9695 | LR: 0.000169
Epoch 87/200 | Loss: 0.9584 | LR: 0.000167
Epoch 88/200 | Loss: 0.9259 | LR: 0.000165
Epoch 89/200 | Loss: 0.9056 | LR: 0.000163
Epoch 90/200 | Loss: 0.8847 | Comp Acc: 0.6006 (best: 0.6044@80) | Sym Acc: 0.0167 (best: 0.0383@10) | LR: 0.000161
Epoch 91/200 | Loss: 0.8641 | LR: 0.000159
Epoch 92/200 | Loss: 0.8247 | LR: 0.000158
Epoch 93/200 | Loss: 0.8025 | LR: 0.000156
Epoch 94/200 | Loss: 0.7818 | LR: 0.000154
Epoch 95/200 | Loss: 0.7583 | LR: 0.000152
Epoch 96/200 | Loss: 0.7376 | LR: 0.000150
Epoch 97/200 | Loss: 0.6932 | LR: 0.000148
Epoch 98/200 | Loss: 0.6664 | LR: 0.000146
Epoch 99/200 | Loss: 0.6534 | LR: 0.000144
Epoch 100/200 | Loss: 0.6352 | Comp Acc: 0.5817 (best: 0.6044@80) | Sym Acc: 0.0056 (best: 0.0383@10) | LR: 0.000142
Epoch 101/200 | Loss: 0.6198 | LR: 0.000140
Epoch 102/200 | Loss: 0.6050 | LR: 0.000138
Epoch 103/200 | Loss: 0.5942 | LR: 0.000136
Epoch 104/200 | Loss: 0.5705 | LR: 0.000134
Epoch 105/200 | Loss: 0.5565 | LR: 0.000132
Epoch 106/200 | Loss: 0.5453 | LR: 0.000130
Epoch 107/200 | Loss: 0.5301 | LR: 0.000128
Epoch 108/200 | Loss: 0.5188 | LR: 0.000126
Epoch 109/200 | Loss: 0.5019 | LR: 0.000124
Epoch 110/200 | Loss: 0.4915 | Comp Acc: 0.6428 (best: 0.6428@110) | Sym Acc: 0.0028 (best: 0.0383@10) | LR: 0.000122
Epoch 111/200 | Loss: 0.4707 | LR: 0.000120
Epoch 112/200 | Loss: 0.4686 | LR: 0.000118
Epoch 113/200 | Loss: 0.4547 | LR: 0.000116
Epoch 114/200 | Loss: 0.4361 | LR: 0.000114
Epoch 115/200 | Loss: 0.4282 | LR: 0.000112
Epoch 116/200 | Loss: 0.4202 | LR: 0.000110
Epoch 117/200 | Loss: 0.4133 | LR: 0.000108
Epoch 118/200 | Loss: 0.4049 | LR: 0.000106
Epoch 119/200 | Loss: 0.3986 | LR: 0.000104
Epoch 120/200 | Loss: 0.3947 | Comp Acc: 0.5150 (best: 0.6428@110) | Sym Acc: 0.0083 (best: 0.0383@10) | LR: 0.000102
Epoch 121/200 | Loss: 0.3786 | LR: 0.000101
Epoch 122/200 | Loss: 0.3716 | LR: 0.000099
Epoch 123/200 | Loss: 0.3631 | LR: 0.000097
Epoch 124/200 | Loss: 0.3563 | LR: 0.000095
Epoch 125/200 | Loss: 0.3581 | LR: 0.000093
Epoch 126/200 | Loss: 0.3434 | LR: 0.000091
Epoch 127/200 | Loss: 0.3373 | LR: 0.000089
Epoch 128/200 | Loss: 0.3307 | LR: 0.000087
Epoch 129/200 | Loss: 0.3210 | LR: 0.000085
Epoch 130/200 | Loss: 0.3194 | Comp Acc: 0.5100 (best: 0.6428@110) | Sym Acc: 0.0111 (best: 0.0383@10) | LR: 0.000084
Epoch 131/200 | Loss: 0.3086 | LR: 0.000082
Epoch 132/200 | Loss: 0.3017 | LR: 0.000080
Epoch 133/200 | Loss: 0.2979 | LR: 0.000078
Epoch 134/200 | Loss: 0.2949 | LR: 0.000076
Epoch 135/200 | Loss: 0.2914 | LR: 0.000075
Epoch 136/200 | Loss: 0.2841 | LR: 0.000073
Epoch 137/200 | Loss: 0.2841 | LR: 0.000071
Epoch 138/200 | Loss: 0.2831 | LR: 0.000069
Epoch 139/200 | Loss: 0.2821 | LR: 0.000068
Epoch 140/200 | Loss: 0.2729 | Comp Acc: 0.4567 (best: 0.6428@110) | Sym Acc: 0.0156 (best: 0.0383@10) | LR: 0.000066
Epoch 141/200 | Loss: 0.2698 | LR: 0.000064
Epoch 142/200 | Loss: 0.2652 | LR: 0.000063
Epoch 143/200 | Loss: 0.2605 | LR: 0.000061
Epoch 144/200 | Loss: 0.2572 | LR: 0.000059
Epoch 145/200 | Loss: 0.2534 | LR: 0.000058
Epoch 146/200 | Loss: 0.2486 | LR: 0.000056
Epoch 147/200 | Loss: 0.2455 | LR: 0.000055
Epoch 148/200 | Loss: 0.2428 | LR: 0.000053
Epoch 149/200 | Loss: 0.2401 | LR: 0.000052
Epoch 150/200 | Loss: 0.2362 | Comp Acc: 0.3672 (best: 0.6428@110) | Sym Acc: 0.0300 (best: 0.0383@10) | LR: 0.000050
Epoch 151/200 | Loss: 0.2325 | LR: 0.000049
Epoch 152/200 | Loss: 0.2315 | LR: 0.000047
Epoch 153/200 | Loss: 0.2290 | LR: 0.000046
Epoch 154/200 | Loss: 0.2262 | LR: 0.000044
Epoch 155/200 | Loss: 0.2246 | LR: 0.000043
Epoch 156/200 | Loss: 0.2219 | LR: 0.000042
Epoch 157/200 | Loss: 0.2195 | LR: 0.000040
Epoch 158/200 | Loss: 0.2174 | LR: 0.000039
Epoch 159/200 | Loss: 0.2151 | LR: 0.000038
Epoch 160/200 | Loss: 0.2129 | Comp Acc: 0.3278 (best: 0.6428@110) | Sym Acc: 0.0261 (best: 0.0383@10) | LR: 0.000037
Epoch 161/200 | Loss: 0.2117 | LR: 0.000035
Epoch 162/200 | Loss: 0.2095 | LR: 0.000034
Epoch 163/200 | Loss: 0.2075 | LR: 0.000033
Epoch 164/200 | Loss: 0.2057 | LR: 0.000032
Epoch 165/200 | Loss: 0.2033 | LR: 0.000031
Epoch 166/200 | Loss: 0.2017 | LR: 0.000030
Epoch 167/200 | Loss: 0.2006 | LR: 0.000028
Epoch 168/200 | Loss: 0.1993 | LR: 0.000027
Epoch 169/200 | Loss: 0.1972 | LR: 0.000026
Epoch 170/200 | Loss: 0.1956 | Comp Acc: 0.2961 (best: 0.6428@110) | Sym Acc: 0.0256 (best: 0.0383@10) | LR: 0.000025
Epoch 171/200 | Loss: 0.1944 | LR: 0.000024
Epoch 172/200 | Loss: 0.1930 | LR: 0.000024
Epoch 173/200 | Loss: 0.1916 | LR: 0.000023
Epoch 174/200 | Loss: 0.1906 | LR: 0.000022
Epoch 175/200 | Loss: 0.1898 | LR: 0.000021
Epoch 176/200 | Loss: 0.1888 | LR: 0.000020
Epoch 177/200 | Loss: 0.1875 | LR: 0.000019
Epoch 178/200 | Loss: 0.1869 | LR: 0.000019
Epoch 179/200 | Loss: 0.1854 | LR: 0.000018

Early stopping at epoch 180: both metrics declined for 3 consecutive evaluations.

Training finished at epoch 180.
Best Composite Accuracy: 0.6428 (epoch 110)
Best Symmetric Accuracy: 0.0383 (epoch 10)
Metrics saved to results/0_train_phase_diagram/L2_G1.0/metrics.json

Training completed successfully!
